#
# An unexpected error has been detected by Java Runtime Environment:
#
#  Internal Error (4A4E490E4350500346), pid=325492, tid=325620
#
# Java VM: Java HotSpot(TM) Client VM (1.6.0-b105 mixed mode)
# If you would like to submit a bug report, please visit:
#   http://java.sun.com/webapps/bugreport/crash.jsp
#

---------------  T H R E A D  ---------------

Current thread (0x0b688800):  JavaThread "Java2D Disposer" daemon [_thread_in_vm, id=325620]

Stack: [0x0ba80000,0x0bad0000)
[error occurred during error reporting, step 110, id 0xc0000005]

Java frames: (J=compiled Java code, j=interpreted, Vv=VM code)
j  java.awt.Cursor.finalizeImpl(J)V+0
j  java.awt.Cursor.access$000(J)V+1
j  java.awt.Cursor$CursorDisposer.dispose()V+4
j  sun.java2d.Disposer.run()V+26
j  java.lang.Thread.run()V+11
v  ~StubRoutines::call_stub

---------------  P R O C E S S  ---------------

Java Threads: ( => current thread )
  0x010a7000 JavaThread "DestroyJavaVM" [_thread_blocked, id=322840]
  0x0b5cf000 JavaThread "TimerQueue" daemon [_thread_blocked, id=324376]
  0x0b5a5c00 JavaThread "AWT-EventQueue-0" [_thread_blocked, id=324152]
  0x0b693800 JavaThread "AWT-Shutdown" [_thread_blocked, id=324284]
=>0x0b688800 JavaThread "Java2D Disposer" daemon [_thread_in_vm, id=325620]
  0x01339c00 JavaThread "Low Memory Detector" daemon [_thread_blocked, id=321284]
  0x01332000 JavaThread "CompilerThread0" daemon [_thread_blocked, id=323744]
  0x01331400 JavaThread "Attach Listener" daemon [_thread_blocked, id=324756]
  0x01331000 JavaThread "Signal Dispatcher" daemon [_thread_blocked, id=325404]
  0x01323400 JavaThread "Finalizer" daemon [_thread_blocked, id=323720]
  0x01317400 JavaThread "Reference Handler" daemon [_thread_blocked, id=324744]

Other Threads:
  0x01314400 VMThread [id=324848]

VM state:synchronizing (normal execution)

VM Mutex/Monitor currently owned by a thread:  ([mutex/lock_event])
[0x012a13a0/0x00000104] Threads_lock - owner thread: 0x01314400

Heap
 def new generation   total 960K, used 53K [0x03390000, 0x03490000, 0x03870000)
  eden space 896K,   3% used [0x03390000, 0x03397d00, 0x03470000)
  from space 64K,  34% used [0x03480000, 0x034858d0, 0x03490000)
  to   space 64K,   0% used [0x03470000, 0x03470000, 0x03480000)
 tenured generation   total 8328K, used 5279K [0x03870000, 0x04092000, 0x07390000)
   the space 8328K,  63% used [0x03870000, 0x03d97dc8, 0x03d97e00, 0x04092000)
 compacting perm gen  total 12288K, used 10690K [0x07390000, 0x07f90000, 0x0b390000)
   the space 12288K,  87% used [0x07390000, 0x07e00ba8, 0x07e00c00, 0x07f90000)
No shared spaces configured.

Dynamic libraries:
0x00400000 - 0x00423000 	C:\Program Files\Java\jre1.6.0\bin\javaw.exe
0x77180000 - 0x7729e000 	C:\Windows\system32\ntdll.dll
0x772e0000 - 0x773b8000 	C:\Windows\system32\kernel32.dll
0x76cd0000 - 0x76d8f000 	C:\Windows\system32\ADVAPI32.dll
0x76f10000 - 0x76fd3000 	C:\Windows\system32\RPCRT4.dll
0x76e70000 - 0x76f0e000 	C:\Windows\system32\USER32.dll
0x76fe0000 - 0x7702b000 	C:\Windows\system32\GDI32.dll
0x75b90000 - 0x75bae000 	C:\Windows\system32\IMM32.DLL
0x76c00000 - 0x76cc7000 	C:\Windows\system32\MSCTF.dll
0x75c80000 - 0x75d2a000 	C:\Windows\system32\msvcrt.dll
0x76d90000 - 0x76d99000 	C:\Windows\system32\LPK.DLL
0x76da0000 - 0x76e1d000 	C:\Windows\system32\USP10.dll
0x7c340000 - 0x7c396000 	C:\Program Files\Java\jre1.6.0\bin\msvcr71.dll
0x6d7c0000 - 0x6da07000 	C:\Program Files\Java\jre1.6.0\bin\client\jvm.dll
0x740a0000 - 0x740d3000 	C:\Windows\system32\WINMM.dll
0x77030000 - 0x77174000 	C:\Windows\system32\ole32.dll
0x75ad0000 - 0x75b5c000 	C:\Windows\system32\OLEAUT32.dll
0x74060000 - 0x74098000 	C:\Windows\system32\OLEACC.dll
0x75870000 - 0x7589c000 	C:\Windows\system32\apphelp.dll
0x6d310000 - 0x6d318000 	C:\Program Files\Java\jre1.6.0\bin\hpi.dll
0x759a0000 - 0x759a7000 	C:\Windows\system32\PSAPI.DLL
0x6d770000 - 0x6d77c000 	C:\Program Files\Java\jre1.6.0\bin\verify.dll
0x6d3b0000 - 0x6d3cf000 	C:\Program Files\Java\jre1.6.0\bin\java.dll
0x6d7b0000 - 0x6d7bf000 	C:\Program Files\Java\jre1.6.0\bin\zip.dll
0x6d000000 - 0x6d1c3000 	C:\Program Files\Java\jre1.6.0\bin\awt.dll
0x72000000 - 0x72041000 	C:\Windows\system32\WINSPOOL.DRV
0x74460000 - 0x7449f000 	C:\Windows\system32\uxtheme.dll
0x6d2b0000 - 0x6d303000 	C:\Program Files\Java\jre1.6.0\bin\fontmanager.dll
0x76000000 - 0x76ace000 	C:\Windows\system32\shell32.dll
0x75ec0000 - 0x75f15000 	C:\Windows\system32\SHLWAPI.dll
0x74ad0000 - 0x74c64000 	C:\Windows\WinSxS\x86_microsoft.windows.common-controls_6595b64144ccf1df_6.0.6000.16386_none_5d07289e07e1d100\comctl32.dll
0x6d570000 - 0x6d583000 	C:\Program Files\Java\jre1.6.0\bin\net.dll
0x772a0000 - 0x772cd000 	C:\Windows\system32\WS2_32.dll
0x772d0000 - 0x772d6000 	C:\Windows\system32\NSI.dll
0x750d0000 - 0x7510b000 	C:\Windows\system32\mswsock.dll
0x75130000 - 0x75136000 	C:\Windows\System32\wship6.dll
0x6d590000 - 0x6d599000 	C:\Program Files\Java\jre1.6.0\bin\nio.dll
0x10000000 - 0x100af000 	C:\Users\Emily\AppData\Roaming\Microsoft\Word\STARTUP\EN8Cwyw.WordXP.wll
0x74920000 - 0x74aca000 	C:\Windows\WinSxS\x86_microsoft.windows.gdiplus_6595b64144ccf1df_1.0.6000.16386_none_9ea0ac9ec96e7127\gdiplus.dll
0x0c430000 - 0x0c532000 	C:\Windows\system32\MFC71U.DLL
0x7c3a0000 - 0x7c41b000 	C:\Windows\system32\MSVCP71.dll
0x5d360000 - 0x5d36e000 	C:\Windows\system32\MFC71ENU.DLL
0x74cc0000 - 0x74d34000 	C:\Windows\system32\RICHED20.DLL
0x16000000 - 0x16028000 	C:\Program Files\Trillian\events.dll
0x72f40000 - 0x72fc6000 	C:\Windows\WinSxS\x86_microsoft.windows.common-controls_6595b64144ccf1df_5.82.6000.16386_none_87e0cb09378714f1\COMCTL32.dll
0x75a50000 - 0x75ac4000 	C:\Windows\system32\comdlg32.dll
0x6d220000 - 0x6d243000 	C:\Program Files\Java\jre1.6.0\bin\dcpr.dll
0x74e60000 - 0x74e98000 	C:\Windows\system32\rsaenh.dll

VM Arguments:
java_command: simse.SimSE
Launcher Type: SUN_STANDARD

Environment Variables:
CLASSPATH=.;C:\Program Files\Java\jre1.6.0\lib\ext\QTJava.zip
PATH=C:\Windows\system32;C:\Windows;C:\Windows\System32\Wbem;C:\Program Files\Microsoft SQL Server\90\Tools\binn\;C:\Program Files\Common Files\Roxio Shared\DLLShared\;C:\Program Files\Common Files\Roxio Shared\9.0\DLLShared\;C:\Program Files\QuickTime\QTSystem\;C:\Program Files\SSH Communications Security\SSH Secure Shell
USERNAME=Emily
OS=Windows_NT
PROCESSOR_IDENTIFIER=x86 Family 6 Model 15 Stepping 6, GenuineIntel



---------------  S Y S T E M  ---------------

OS: Windows Vista Build 6000 

CPU:total 2 family 6, cmov, cx8, fxsr, mmx, sse, sse2

Memory: 4k page, physical 2094528k(862568k free), swap 4194303k(2649904k free)

vm_info: Java HotSpot(TM) Client VM (1.6.0-b105) for windows-x86, built on Nov 29 2006 00:48:48 by "java_re" with unknown MS VC++:1310

